
 Quartz v4.2.3 

Cleaned output directory `public` in 14ms
Found 25 input files from `content` in 15ms
[2K[1GParsed 25 Markdown files in 6s
Filtered out 0 files in 282μs
[2K[1GEmitted 44 files to `public` in 1s
Done processing 25 files in 7s
Started a Quartz server listening at http://localhost:8080
hint: exit with ctrl+c
[200] /
[200] /prescript.js
[200] /static/contentIndex.json
[200] /Aptos-%E4%BC%98%E5%8C%96%E6%8F%90%E6%A1%88
[200] /Aptos-%E4%BC%98%E5%8C%96%E6%8F%90%E6%A1%88
[200] /%E4%BB%8Ehello_world%E5%BC%80%E5%A7%8B
[200] /%E5%9F%BA%E7%A1%80%E8%AF%AD%E6%B3%95
[200] /%E6%8E%A7%E5%88%B6%E6%B5%81
[404] /%E6%BA%90%E7%A0%81%E5%AD%A6%E4%B9%A0
[404] /%E5%85%AC%E9%93%BE
[200] /%E5%AF%86%E7%A0%81%E5%AD%A6
[404] /TypeScript
[404] /Move
[404] /React
[200] /%E7%AE%97%E6%B3%95/%E4%B8%A4%E6%95%B0%E4%B9%8B%E5%92%8C
[200] /%E7%AE%97%E6%B3%95
